  1>
  -- Install configuration: "Debug"
  -- Installing: C:/opencv-4.10.0/opencv_library/install/etc/licenses/ippicv-readme.htm
  -- Installing: C:/opencv-4.10.0/opencv_library/install/etc/licenses/ippicv-EULA.rtf
  -- Installing: C:/opencv-4.10.0/opencv_library/install/etc/licenses/ippicv-third-party-programs.txt
  -- Installing: C:/opencv-4.10.0/opencv_library/install/etc/licenses/ippiw-support.txt
  -- Installing: C:/opencv-4.10.0/opencv_library/install/etc/licenses/ippiw-third-party-programs.txt
  -- Installing: C:/opencv-4.10.0/opencv_library/install/etc/licenses/ippiw-EULA.rtf
  -- Installing: C:/opencv-4.10.0/opencv_library/install/etc/licenses/flatbuffers-LICENSE.txt
  -- Installing: C:/opencv-4.10.0/opencv_library/install/etc/licenses/opencl-headers-LICENSE.txt
  -- Installing: C:/opencv-4.10.0/opencv_library/install/etc/licenses/ade-LICENSE
  -- Installing: C:/opencv-4.10.0/opencv_library/install/etc/licenses/ffmpeg-license.txt
  -- Installing: C:/opencv-4.10.0/opencv_library/install/etc/licenses/ffmpeg-readme.txt
  -- Installing: C:/opencv-4.10.0/opencv_library/install/include/opencv2/cvconfig.h
  -- Installing: C:/opencv-4.10.0/opencv_library/install/include/opencv2/opencv_modules.hpp
  -- Installing: C:/opencv-4.10.0/opencv_library/install/x64/vc17/lib/OpenCVModules.cmake
  -- Installing: C:/opencv-4.10.0/opencv_library/install/x64/vc17/lib/OpenCVModules-debug.cmake
  -- Installing: C:/opencv-4.10.0/opencv_library/install/x64/vc17/lib/OpenCVConfig-version.cmake
  -- Installing: C:/opencv-4.10.0/opencv_library/install/x64/vc17/lib/OpenCVConfig.cmake
  -- Installing: C:/opencv-4.10.0/opencv_library/install/./OpenCVConfig-version.cmake
  -- Installing: C:/opencv-4.10.0/opencv_library/install/./OpenCVConfig.cmake
  -- Installing: C:/opencv-4.10.0/opencv_library/install/./LICENSE
  -- Installing: C:/opencv-4.10.0/opencv_library/install/./setup_vars_opencv4.cmd
  -- Installing: C:/opencv-4.10.0/opencv_library/install/etc/licenses/zlib-LICENSE
  -- Installing: C:/opencv-4.10.0/opencv_library/install/etc/licenses/libjpeg-turbo-README.md
  -- Installing: C:/opencv-4.10.0/opencv_library/install/etc/licenses/libjpeg-turbo-LICENSE.md
  -- Installing: C:/opencv-4.10.0/opencv_library/install/etc/licenses/libjpeg-turbo-README.ijg
  -- Installing: C:/opencv-4.10.0/opencv_library/install/etc/licenses/libtiff-COPYRIGHT
  -- Installing: C:/opencv-4.10.0/opencv_library/install/etc/licenses/libopenjp2-README.md
  -- Installing: C:/opencv-4.10.0/opencv_library/install/etc/licenses/libopenjp2-LICENSE
  -- Installing: C:/opencv-4.10.0/opencv_library/install/etc/licenses/libpng-LICENSE
  -- Installing: C:/opencv-4.10.0/opencv_library/install/etc/licenses/libpng-README
  -- Installing: C:/opencv-4.10.0/opencv_library/install/etc/licenses/openexr-LICENSE
  -- Installing: C:/opencv-4.10.0/opencv_library/install/etc/licenses/openexr-AUTHORS.ilmbase
  -- Installing: C:/opencv-4.10.0/opencv_library/install/etc/licenses/openexr-AUTHORS.openexr
  -- Installing: C:/opencv-4.10.0/opencv_library/install/etc/licenses/protobuf-LICENSE
  -- Installing: C:/opencv-4.10.0/opencv_library/install/etc/licenses/protobuf-README.md
  -- Installing: C:/opencv-4.10.0/opencv_library/install/etc/licenses/ittnotify-LICENSE.BSD
  -- Installing: C:/opencv-4.10.0/opencv_library/install/etc/licenses/ittnotify-LICENSE.GPL
  -- Installing: C:/opencv-4.10.0/opencv_library/install/include/opencv2/opencv.hpp
  -- Installing: C:/opencv-4.10.0/opencv_library/install/x64/vc17/lib/opencv_core4100d.lib
  -- Installing: C:/opencv-4.10.0/opencv_library/install/x64/vc17/bin/opencv_core4100d.dll
  -- Installing: C:/opencv-4.10.0/opencv_library/install/include/opencv2/core.hpp
  -- Installing: C:/opencv-4.10.0/opencv_library/install/include/opencv2/core/affine.hpp
  -- Installing: C:/opencv-4.10.0/opencv_library/install/include/opencv2/core/async.hpp
  -- Installing: C:/opencv-4.10.0/opencv_library/install/include/opencv2/core/base.hpp
  -- Installing: C:/opencv-4.10.0/opencv_library/install/include/opencv2/core/bindings_utils.hpp
  -- Installing: C:/opencv-4.10.0/opencv_library/install/include/opencv2/core/bufferpool.hpp
  -- Installing: C:/opencv-4.10.0/opencv_library/install/include/opencv2/core/check.hpp
  -- Installing: C:/opencv-4.10.0/opencv_library/install/include/opencv2/core/core.hpp
  -- Installing: C:/opencv-4.10.0/opencv_library/install/include/opencv2/core/core_c.h
  -- Installing: C:/opencv-4.10.0/opencv_library/install/include/opencv2/core/cuda.hpp
  -- Installing: C:/opencv-4.10.0/opencv_library/install/include/opencv2/core/cuda.inl.hpp
  -- Installing: C:/opencv-4.10.0/opencv_library/install/include/opencv2/core/cuda/block.hpp
  -- Installing: C:/opencv-4.10.0/opencv_library/install/include/opencv2/core/cuda/border_interpolate.hpp
  -- Installing: C:/opencv-4.10.0/opencv_library/install/include/opencv2/core/cuda/color.hpp
  -- Installing: C:/opencv-4.10.0/opencv_library/install/include/opencv2/core/cuda/common.hpp
  -- Installing: C:/opencv-4.10.0/opencv_library/install/include/opencv2/core/cuda/datamov_utils.hpp
  -- Installing: C:/opencv-4.10.0/opencv_library/install/include/opencv2/core/cuda/detail/color_detail.hpp
  -- Installing: C:/opencv-4.10.0/opencv_library/install/include/opencv2/core/cuda/detail/reduce.hpp
  -- Installing: C:/opencv-4.10.0/opencv_library/install/include/opencv2/core/cuda/detail/reduce_key_val.hpp
  -- Installing: C:/opencv-4.10.0/opencv_library/install/include/opencv2/core/cuda/detail/transform_detail.hpp
  -- Installing: C:/opencv-4.10.0/opencv_library/install/include/opencv2/core/cuda/detail/type_traits_detail.hpp
  -- Installing: C:/opencv-4.10.0/opencv_library/install/include/opencv2/core/cuda/detail/vec_distance_detail.hpp
  -- Installing: C:/opencv-4.10.0/opencv_library/install/include/opencv2/core/cuda/dynamic_smem.hpp
  -- Installing: C:/opencv-4.10.0/opencv_library/install/include/opencv2/core/cuda/emulation.hpp
  -- Installing: C:/opencv-4.10.0/opencv_library/install/include/opencv2/core/cuda/filters.hpp
  -- Installing: C:/opencv-4.10.0/opencv_library/install/include/opencv2/core/cuda/funcattrib.hpp
  -- Installing: C:/opencv-4.10.0/opencv_library/install/include/opencv2/core/cuda/functional.hpp
  -- Installing: C:/opencv-4.10.0/opencv_library/install/include/opencv2/core/cuda/limits.hpp
  -- Installing: C:/opencv-4.10.0/opencv_library/install/include/opencv2/core/cuda/reduce.hpp
  -- Installing: C:/opencv-4.10.0/opencv_library/install/include/opencv2/core/cuda/saturate_cast.hpp
  -- Installing: C:/opencv-4.10.0/opencv_library/install/include/opencv2/core/cuda/scan.hpp
  -- Installing: C:/opencv-4.10.0/opencv_library/install/include/opencv2/core/cuda/simd_functions.hpp
  -- Installing: C:/opencv-4.10.0/opencv_library/install/include/opencv2/core/cuda/transform.hpp
  -- Installing: C:/opencv-4.10.0/opencv_library/install/include/opencv2/core/cuda/type_traits.hpp
  -- Installing: C:/opencv-4.10.0/opencv_library/install/include/opencv2/core/cuda/utility.hpp
  -- Installing: C:/opencv-4.10.0/opencv_library/install/include/opencv2/core/cuda/vec_distance.hpp
  -- Installing: C:/opencv-4.10.0/opencv_library/install/include/opencv2/core/cuda/vec_math.hpp
  -- Installing: C:/opencv-4.10.0/opencv_library/install/include/opencv2/core/cuda/vec_traits.hpp
  -- Installing: C:/opencv-4.10.0/opencv_library/install/include/opencv2/core/cuda/warp.hpp
  -- Installing: C:/opencv-4.10.0/opencv_library/install/include/opencv2/core/cuda/warp_reduce.hpp
  -- Installing: C:/opencv-4.10.0/opencv_library/install/include/opencv2/core/cuda/warp_shuffle.hpp
  -- Installing: C:/opencv-4.10.0/opencv_library/install/include/opencv2/core/cuda_stream_accessor.hpp
  -- Installing: C:/opencv-4.10.0/opencv_library/install/include/opencv2/core/cuda_types.hpp
  -- Installing: C:/opencv-4.10.0/opencv_library/install/include/opencv2/core/cv_cpu_dispatch.h
  -- Installing: C:/opencv-4.10.0/opencv_library/install/include/opencv2/core/cv_cpu_helper.h
  -- Installing: C:/opencv-4.10.0/opencv_library/install/include/opencv2/core/cvdef.h
  -- Installing: C:/opencv-4.10.0/opencv_library/install/include/opencv2/core/cvstd.hpp
  -- Installing: C:/opencv-4.10.0/opencv_library/install/include/opencv2/core/cvstd.inl.hpp
  -- Installing: C:/opencv-4.10.0/opencv_library/install/include/opencv2/core/cvstd_wrapper.hpp
  -- Installing: C:/opencv-4.10.0/opencv_library/install/include/opencv2/core/detail/async_promise.hpp
  -- Installing: C:/opencv-4.10.0/opencv_library/install/include/opencv2/core/detail/dispatch_helper.impl.hpp
  -- Installing: C:/opencv-4.10.0/opencv_library/install/include/opencv2/core/detail/exception_ptr.hpp
  -- Installing: C:/opencv-4.10.0/opencv_library/install/include/opencv2/core/directx.hpp
  -- Installing: C:/opencv-4.10.0/opencv_library/install/include/opencv2/core/dualquaternion.hpp
  -- Installing: C:/opencv-4.10.0/opencv_library/install/include/opencv2/core/dualquaternion.inl.hpp
  -- Installing: C:/opencv-4.10.0/opencv_library/install/include/opencv2/core/eigen.hpp
  -- Installing: C:/opencv-4.10.0/opencv_library/install/include/opencv2/core/fast_math.hpp
  -- Installing: C:/opencv-4.10.0/opencv_library/install/include/opencv2/core/hal/hal.hpp
  -- Installing: C:/opencv-4.10.0/opencv_library/install/include/opencv2/core/hal/interface.h
  -- Installing: C:/opencv-4.10.0/opencv_library/install/include/opencv2/core/hal/intrin.hpp
  -- Installing: C:/opencv-4.10.0/opencv_library/install/include/opencv2/core/hal/intrin_avx.hpp
  -- Installing: C:/opencv-4.10.0/opencv_library/install/include/opencv2/core/hal/intrin_avx512.hpp
  -- Installing: C:/opencv-4.10.0/opencv_library/install/include/opencv2/core/hal/intrin_cpp.hpp
  -- Installing: C:/opencv-4.10.0/opencv_library/install/include/opencv2/core/hal/intrin_forward.hpp
  -- Installing: C:/opencv-4.10.0/opencv_library/install/include/opencv2/core/hal/intrin_lasx.hpp
  -- Installing: C:/opencv-4.10.0/opencv_library/install/include/opencv2/core/hal/intrin_lsx.hpp
  -- Installing: C:/opencv-4.10.0/opencv_library/install/include/opencv2/core/hal/intrin_msa.hpp
  -- Installing: C:/opencv-4.10.0/opencv_library/install/include/opencv2/core/hal/intrin_neon.hpp
  -- Installing: C:/opencv-4.10.0/opencv_library/install/include/opencv2/core/hal/intrin_rvv.hpp
  -- Installing: C:/opencv-4.10.0/opencv_library/install/include/opencv2/core/hal/intrin_rvv071.hpp
  -- Installing: C:/opencv-4.10.0/opencv_library/install/include/opencv2/core/hal/intrin_rvv_010_compat_non-policy.hpp
  -- Installing: C:/opencv-4.10.0/opencv_library/install/include/opencv2/core/hal/intrin_rvv_010_compat_overloaded-non-policy.hpp
  -- Installing: C:/opencv-4.10.0/opencv_library/install/include/opencv2/core/hal/intrin_rvv_011_compat.hpp
  -- Installing: C:/opencv-4.10.0/opencv_library/install/include/opencv2/core/hal/intrin_rvv_compat_overloaded.hpp
  -- Installing: C:/opencv-4.10.0/opencv_library/install/include/opencv2/core/hal/intrin_rvv_scalable.hpp
  -- Installing: C:/opencv-4.10.0/opencv_library/install/include/opencv2/core/hal/intrin_sse.hpp
  -- Installing: C:/opencv-4.10.0/opencv_library/install/include/opencv2/core/hal/intrin_sse_em.hpp
  -- Installing: C:/opencv-4.10.0/opencv_library/install/include/opencv2/core/hal/intrin_vsx.hpp
  -- Installing: C:/opencv-4.10.0/opencv_library/install/include/opencv2/core/hal/intrin_wasm.hpp
  -- Installing: C:/opencv-4.10.0/opencv_library/install/include/opencv2/core/hal/msa_macros.h
  -- Installing: C:/opencv-4.10.0/opencv_library/install/include/opencv2/core/hal/simd_utils.impl.hpp
  -- Installing: C:/opencv-4.10.0/opencv_library/install/include/opencv2/core/mat.hpp
  -- Installing: C:/opencv-4.10.0/opencv_library/install/include/opencv2/core/mat.inl.hpp
  -- Installing: C:/opencv-4.10.0/opencv_library/install/include/opencv2/core/matx.hpp
  -- Installing: C:/opencv-4.10.0/opencv_library/install/include/opencv2/core/matx.inl.hpp
  -- Installing: C:/opencv-4.10.0/opencv_library/install/include/opencv2/core/neon_utils.hpp
  -- Installing: C:/opencv-4.10.0/opencv_library/install/include/opencv2/core/ocl.hpp
  -- Installing: C:/opencv-4.10.0/opencv_library/install/include/opencv2/core/ocl_genbase.hpp
  -- Installing: C:/opencv-4.10.0/opencv_library/install/include/opencv2/core/opencl/ocl_defs.hpp
  -- Installing: C:/opencv-4.10.0/opencv_library/install/include/opencv2/core/opencl/opencl_info.hpp
  -- Installing: C:/opencv-4.10.0/opencv_library/install/include/opencv2/core/opencl/opencl_svm.hpp
  -- Installing: C:/opencv-4.10.0/opencv_library/install/include/opencv2/core/opencl/runtime/autogenerated/opencl_clblas.hpp
  -- Installing: C:/opencv-4.10.0/opencv_library/install/include/opencv2/core/opencl/runtime/autogenerated/opencl_clfft.hpp
  -- Installing: C:/opencv-4.10.0/opencv_library/install/include/opencv2/core/opencl/runtime/autogenerated/opencl_core.hpp
  -- Installing: C:/opencv-4.10.0/opencv_library/install/include/opencv2/core/opencl/runtime/autogenerated/opencl_core_wrappers.hpp
  -- Installing: C:/opencv-4.10.0/opencv_library/install/include/opencv2/core/opencl/runtime/autogenerated/opencl_gl.hpp
  -- Installing: C:/opencv-4.10.0/opencv_library/install/include/opencv2/core/opencl/runtime/autogenerated/opencl_gl_wrappers.hpp
  -- Installing: C:/opencv-4.10.0/opencv_library/install/include/opencv2/core/opencl/runtime/opencl_clblas.hpp
  -- Installing: C:/opencv-4.10.0/opencv_library/install/include/opencv2/core/opencl/runtime/opencl_clfft.hpp
  -- Installing: C:/opencv-4.10.0/opencv_library/install/include/opencv2/core/opencl/runtime/opencl_core.hpp
  -- Installing: C:/opencv-4.10.0/opencv_library/install/include/opencv2/core/opencl/runtime/opencl_core_wrappers.hpp
  -- Installing: C:/opencv-4.10.0/opencv_library/install/include/opencv2/core/opencl/runtime/opencl_gl.hpp
  -- Installing: C:/opencv-4.10.0/opencv_library/install/include/opencv2/core/opencl/runtime/opencl_gl_wrappers.hpp
  -- Installing: C:/opencv-4.10.0/opencv_library/install/include/opencv2/core/opencl/runtime/opencl_svm_20.hpp
  -- Installing: C:/opencv-4.10.0/opencv_library/install/include/opencv2/core/opencl/runtime/opencl_svm_definitions.hpp
  -- Installing: C:/opencv-4.10.0/opencv_library/install/include/opencv2/core/opencl/runtime/opencl_svm_hsa_extension.hpp
  -- Installing: C:/opencv-4.10.0/opencv_library/install/include/opencv2/core/opengl.hpp
  -- Installing: C:/opencv-4.10.0/opencv_library/install/include/opencv2/core/operations.hpp
  -- Installing: C:/opencv-4.10.0/opencv_library/install/include/opencv2/core/optim.hpp
  -- Installing: C:/opencv-4.10.0/opencv_library/install/include/opencv2/core/ovx.hpp
  -- Installing: C:/opencv-4.10.0/opencv_library/install/include/opencv2/core/parallel/backend/parallel_for.openmp.hpp
  -- Installing: C:/opencv-4.10.0/opencv_library/install/include/opencv2/core/parallel/backend/parallel_for.tbb.hpp
  -- Installing: C:/opencv-4.10.0/opencv_library/install/include/opencv2/core/parallel/parallel_backend.hpp
  -- Installing: C:/opencv-4.10.0/opencv_library/install/include/opencv2/core/persistence.hpp
  -- Installing: C:/opencv-4.10.0/opencv_library/install/include/opencv2/core/quaternion.hpp
  -- Installing: C:/opencv-4.10.0/opencv_library/install/include/opencv2/core/quaternion.inl.hpp
  -- Installing: C:/opencv-4.10.0/opencv_library/install/include/opencv2/core/saturate.hpp
  -- Installing: C:/opencv-4.10.0/opencv_library/install/include/opencv2/core/simd_intrinsics.hpp
  -- Installing: C:/opencv-4.10.0/opencv_library/install/include/opencv2/core/softfloat.hpp
  -- Installing: C:/opencv-4.10.0/opencv_library/install/include/opencv2/core/sse_utils.hpp
  -- Installing: C:/opencv-4.10.0/opencv_library/install/include/opencv2/core/traits.hpp
  -- Installing: C:/opencv-4.10.0/opencv_library/install/include/opencv2/core/types.hpp
  -- Installing: C:/opencv-4.10.0/opencv_library/install/include/opencv2/core/types_c.h
  -- Installing: C:/opencv-4.10.0/opencv_library/install/include/opencv2/core/utility.hpp
  -- Installing: C:/opencv-4.10.0/opencv_library/install/include/opencv2/core/utils/allocator_stats.hpp
  -- Installing: C:/opencv-4.10.0/opencv_library/install/include/opencv2/core/utils/allocator_stats.impl.hpp
  -- Installing: C:/opencv-4.10.0/opencv_library/install/include/opencv2/core/utils/filesystem.hpp
  -- Installing: C:/opencv-4.10.0/opencv_library/install/include/opencv2/core/utils/fp_control_utils.hpp
  -- Installing: C:/opencv-4.10.0/opencv_library/install/include/opencv2/core/utils/instrumentation.hpp
  -- Installing: C:/opencv-4.10.0/opencv_library/install/include/opencv2/core/utils/logger.defines.hpp
  -- Installing: C:/opencv-4.10.0/opencv_library/install/include/opencv2/core/utils/logger.hpp
  -- Installing: C:/opencv-4.10.0/opencv_library/install/include/opencv2/core/utils/logtag.hpp
  -- Installing: C:/opencv-4.10.0/opencv_library/install/include/opencv2/core/utils/tls.hpp
  -- Installing: C:/opencv-4.10.0/opencv_library/install/include/opencv2/core/utils/trace.hpp
  -- Installing: C:/opencv-4.10.0/opencv_library/install/include/opencv2/core/va_intel.hpp
  -- Installing: C:/opencv-4.10.0/opencv_library/install/include/opencv2/core/version.hpp
  -- Installing: C:/opencv-4.10.0/opencv_library/install/include/opencv2/core/vsx_utils.hpp
  -- Installing: C:/opencv-4.10.0/opencv_library/install/etc/licenses/SoftFloat-COPYING.txt
  -- Installing: C:/opencv-4.10.0/opencv_library/install/x64/vc17/lib/opencv_flann4100d.lib
  -- Installing: C:/opencv-4.10.0/opencv_library/install/x64/vc17/bin/opencv_flann4100d.dll
  -- Installing: C:/opencv-4.10.0/opencv_library/install/include/opencv2/flann.hpp
  -- Installing: C:/opencv-4.10.0/opencv_library/install/include/opencv2/flann/all_indices.h
  -- Installing: C:/opencv-4.10.0/opencv_library/install/include/opencv2/flann/allocator.h
  -- Installing: C:/opencv-4.10.0/opencv_library/install/include/opencv2/flann/any.h
  -- Installing: C:/opencv-4.10.0/opencv_library/install/include/opencv2/flann/autotuned_index.h
  -- Installing: C:/opencv-4.10.0/opencv_library/install/include/opencv2/flann/composite_index.h
  -- Installing: C:/opencv-4.10.0/opencv_library/install/include/opencv2/flann/config.h
  -- Installing: C:/opencv-4.10.0/opencv_library/install/include/opencv2/flann/defines.h
  -- Installing: C:/opencv-4.10.0/opencv_library/install/include/opencv2/flann/dist.h
  -- Installing: C:/opencv-4.10.0/opencv_library/install/include/opencv2/flann/dummy.h
  -- Installing: C:/opencv-4.10.0/opencv_library/install/include/opencv2/flann/dynamic_bitset.h
  -- Installing: C:/opencv-4.10.0/opencv_library/install/include/opencv2/flann/flann.hpp
  -- Installing: C:/opencv-4.10.0/opencv_library/install/include/opencv2/flann/flann_base.hpp
  -- Installing: C:/opencv-4.10.0/opencv_library/install/include/opencv2/flann/general.h
  -- Installing: C:/opencv-4.10.0/opencv_library/install/include/opencv2/flann/ground_truth.h
  -- Installing: C:/opencv-4.10.0/opencv_library/install/include/opencv2/flann/hdf5.h
  -- Installing: C:/opencv-4.10.0/opencv_library/install/include/opencv2/flann/heap.h
  -- Installing: C:/opencv-4.10.0/opencv_library/install/include/opencv2/flann/hierarchical_clustering_index.h
  -- Installing: C:/opencv-4.10.0/opencv_library/install/include/opencv2/flann/index_testing.h
  -- Installing: C:/opencv-4.10.0/opencv_library/install/include/opencv2/flann/kdtree_index.h
  -- Installing: C:/opencv-4.10.0/opencv_library/install/include/opencv2/flann/kdtree_single_index.h
  -- Installing: C:/opencv-4.10.0/opencv_library/install/include/opencv2/flann/kmeans_index.h
  -- Installing: C:/opencv-4.10.0/opencv_library/install/include/opencv2/flann/linear_index.h
  -- Installing: C:/opencv-4.10.0/opencv_library/install/include/opencv2/flann/logger.h
  -- Installing: C:/opencv-4.10.0/opencv_library/install/include/opencv2/flann/lsh_index.h
  -- Installing: C:/opencv-4.10.0/opencv_library/install/include/opencv2/flann/lsh_table.h
  -- Installing: C:/opencv-4.10.0/opencv_library/install/include/opencv2/flann/matrix.h
  -- Installing: C:/opencv-4.10.0/opencv_library/install/include/opencv2/flann/miniflann.hpp
  -- Installing: C:/opencv-4.10.0/opencv_library/install/include/opencv2/flann/nn_index.h
  -- Installing: C:/opencv-4.10.0/opencv_library/install/include/opencv2/flann/object_factory.h
  -- Installing: C:/opencv-4.10.0/opencv_library/install/include/opencv2/flann/params.h
  -- Installing: C:/opencv-4.10.0/opencv_library/install/include/opencv2/flann/random.h
  -- Installing: C:/opencv-4.10.0/opencv_library/install/include/opencv2/flann/result_set.h
  -- Installing: C:/opencv-4.10.0/opencv_library/install/include/opencv2/flann/sampling.h
  -- Installing: C:/opencv-4.10.0/opencv_library/install/include/opencv2/flann/saving.h
  -- Installing: C:/opencv-4.10.0/opencv_library/install/include/opencv2/flann/simplex_downhill.h
  -- Installing: C:/opencv-4.10.0/opencv_library/install/include/opencv2/flann/timer.h
  -- Installing: C:/opencv-4.10.0/opencv_library/install/x64/vc17/lib/opencv_imgproc4100d.lib
  -- Installing: C:/opencv-4.10.0/opencv_library/install/x64/vc17/bin/opencv_imgproc4100d.dll
  -- Installing: C:/opencv-4.10.0/opencv_library/install/include/opencv2/imgproc.hpp
  -- Installing: C:/opencv-4.10.0/opencv_library/install/include/opencv2/imgproc/bindings.hpp
  -- Installing: C:/opencv-4.10.0/opencv_library/install/include/opencv2/imgproc/detail/gcgraph.hpp
  -- Installing: C:/opencv-4.10.0/opencv_library/install/include/opencv2/imgproc/detail/legacy.hpp
  -- Installing: C:/opencv-4.10.0/opencv_library/install/include/opencv2/imgproc/hal/hal.hpp
  -- Installing: C:/opencv-4.10.0/opencv_library/install/include/opencv2/imgproc/hal/interface.h
  -- Installing: C:/opencv-4.10.0/opencv_library/install/include/opencv2/imgproc/imgproc.hpp
  -- Installing: C:/opencv-4.10.0/opencv_library/install/include/opencv2/imgproc/imgproc_c.h
  -- Installing: C:/opencv-4.10.0/opencv_library/install/include/opencv2/imgproc/segmentation.hpp
  -- Installing: C:/opencv-4.10.0/opencv_library/install/include/opencv2/imgproc/types_c.h
  -- Installing: C:/opencv-4.10.0/opencv_library/install/x64/vc17/lib/opencv_intensity_transform4100d.lib
  -- Installing: C:/opencv-4.10.0/opencv_library/install/x64/vc17/bin/opencv_intensity_transform4100d.dll
  -- Installing: C:/opencv-4.10.0/opencv_library/install/include/opencv2/intensity_transform.hpp
  -- Installing: C:/opencv-4.10.0/opencv_library/install/x64/vc17/lib/opencv_ml4100d.lib
  -- Installing: C:/opencv-4.10.0/opencv_library/install/x64/vc17/bin/opencv_ml4100d.dll
  -- Installing: C:/opencv-4.10.0/opencv_library/install/include/opencv2/ml.hpp
  -- Installing: C:/opencv-4.10.0/opencv_library/install/include/opencv2/ml/ml.hpp
  -- Installing: C:/opencv-4.10.0/opencv_library/install/include/opencv2/ml/ml.inl.hpp
  -- Installing: C:/opencv-4.10.0/opencv_library/install/x64/vc17/lib/opencv_phase_unwrapping4100d.lib
  -- Installing: C:/opencv-4.10.0/opencv_library/install/x64/vc17/bin/opencv_phase_unwrapping4100d.dll
  -- Installing: C:/opencv-4.10.0/opencv_library/install/include/opencv2/phase_unwrapping.hpp
  -- Installing: C:/opencv-4.10.0/opencv_library/install/include/opencv2/phase_unwrapping/histogramphaseunwrapping.hpp
  -- Installing: C:/opencv-4.10.0/opencv_library/install/include/opencv2/phase_unwrapping/phase_unwrapping.hpp
  -- Installing: C:/opencv-4.10.0/opencv_library/install/x64/vc17/lib/opencv_photo4100d.lib
  -- Installing: C:/opencv-4.10.0/opencv_library/install/x64/vc17/bin/opencv_photo4100d.dll
  -- Installing: C:/opencv-4.10.0/opencv_library/install/include/opencv2/photo.hpp
  -- Installing: C:/opencv-4.10.0/opencv_library/install/include/opencv2/photo/cuda.hpp
  -- Installing: C:/opencv-4.10.0/opencv_library/install/include/opencv2/photo/legacy/constants_c.h
  -- Installing: C:/opencv-4.10.0/opencv_library/install/include/opencv2/photo/photo.hpp
  -- Installing: C:/opencv-4.10.0/opencv_library/install/x64/vc17/lib/opencv_plot4100d.lib
  -- Installing: C:/opencv-4.10.0/opencv_library/install/x64/vc17/bin/opencv_plot4100d.dll
  -- Installing: C:/opencv-4.10.0/opencv_library/install/include/opencv2/plot.hpp
  -- Installing: C:/opencv-4.10.0/opencv_library/install/x64/vc17/lib/opencv_quality4100d.lib
  -- Installing: C:/opencv-4.10.0/opencv_library/install/x64/vc17/bin/opencv_quality4100d.dll
  -- Installing: C:/opencv-4.10.0/opencv_library/install/include/opencv2/quality.hpp
  -- Installing: C:/opencv-4.10.0/opencv_library/install/include/opencv2/quality/quality_utils.hpp
  -- Installing: C:/opencv-4.10.0/opencv_library/install/include/opencv2/quality/qualitybase.hpp
  -- Installing: C:/opencv-4.10.0/opencv_library/install/include/opencv2/quality/qualitybrisque.hpp
  -- Installing: C:/opencv-4.10.0/opencv_library/install/include/opencv2/quality/qualitygmsd.hpp
  -- Installing: C:/opencv-4.10.0/opencv_library/install/include/opencv2/quality/qualitymse.hpp
  -- Installing: C:/opencv-4.10.0/opencv_library/install/include/opencv2/quality/qualitypsnr.hpp
  -- Installing: C:/opencv-4.10.0/opencv_library/install/include/opencv2/quality/qualityssim.hpp
  -- Installing: C:/opencv-4.10.0/opencv_library/install/etc/quality/brisque_model_live.yml
  -- Installing: C:/opencv-4.10.0/opencv_library/install/etc/quality/brisque_range_live.yml
  -- Installing: C:/opencv-4.10.0/opencv_library/install/x64/vc17/lib/opencv_reg4100d.lib
  -- Installing: C:/opencv-4.10.0/opencv_library/install/x64/vc17/bin/opencv_reg4100d.dll
  -- Installing: C:/opencv-4.10.0/opencv_library/install/include/opencv2/reg/map.hpp
  -- Installing: C:/opencv-4.10.0/opencv_library/install/include/opencv2/reg/mapaffine.hpp
  -- Installing: C:/opencv-4.10.0/opencv_library/install/include/opencv2/reg/mapper.hpp
  -- Installing: C:/opencv-4.10.0/opencv_library/install/include/opencv2/reg/mappergradaffine.hpp
  -- Installing: C:/opencv-4.10.0/opencv_library/install/include/opencv2/reg/mappergradeuclid.hpp
  -- Installing: C:/opencv-4.10.0/opencv_library/install/include/opencv2/reg/mappergradproj.hpp
  -- Installing: C:/opencv-4.10.0/opencv_library/install/include/opencv2/reg/mappergradshift.hpp
  -- Installing: C:/opencv-4.10.0/opencv_library/install/include/opencv2/reg/mappergradsimilar.hpp
  -- Installing: C:/opencv-4.10.0/opencv_library/install/include/opencv2/reg/mapperpyramid.hpp
  -- Installing: C:/opencv-4.10.0/opencv_library/install/include/opencv2/reg/mapprojec.hpp
  -- Installing: C:/opencv-4.10.0/opencv_library/install/include/opencv2/reg/mapshift.hpp
  -- Installing: C:/opencv-4.10.0/opencv_library/install/x64/vc17/lib/opencv_signal4100d.lib
  -- Installing: C:/opencv-4.10.0/opencv_library/install/x64/vc17/bin/opencv_signal4100d.dll
  -- Installing: C:/opencv-4.10.0/opencv_library/install/include/opencv2/signal.hpp
  -- Installing: C:/opencv-4.10.0/opencv_library/install/include/opencv2/signal/signal_resample.hpp
  -- Installing: C:/opencv-4.10.0/opencv_library/install/x64/vc17/lib/opencv_surface_matching4100d.lib
  -- Installing: C:/opencv-4.10.0/opencv_library/install/x64/vc17/bin/opencv_surface_matching4100d.dll
  -- Installing: C:/opencv-4.10.0/opencv_library/install/include/opencv2/surface_matching.hpp
  -- Installing: C:/opencv-4.10.0/opencv_library/install/include/opencv2/surface_matching/icp.hpp
  -- Installing: C:/opencv-4.10.0/opencv_library/install/include/opencv2/surface_matching/pose_3d.hpp
  -- Installing: C:/opencv-4.10.0/opencv_library/install/include/opencv2/surface_matching/ppf_helpers.hpp
  -- Installing: C:/opencv-4.10.0/opencv_library/install/include/opencv2/surface_matching/ppf_match_3d.hpp
  -- Installing: C:/opencv-4.10.0/opencv_library/install/include/opencv2/surface_matching/t_hash_int.hpp
  -- Installing: C:/opencv-4.10.0/opencv_library/install/x64/vc17/lib/opencv_xphoto4100d.lib
  -- Installing: C:/opencv-4.10.0/opencv_library/install/x64/vc17/bin/opencv_xphoto4100d.dll
  -- Installing: C:/opencv-4.10.0/opencv_library/install/include/opencv2/xphoto.hpp
  -- Installing: C:/opencv-4.10.0/opencv_library/install/include/opencv2/xphoto/bm3d_image_denoising.hpp
  -- Installing: C:/opencv-4.10.0/opencv_library/install/include/opencv2/xphoto/dct_image_denoising.hpp
  -- Installing: C:/opencv-4.10.0/opencv_library/install/include/opencv2/xphoto/inpainting.hpp
  -- Installing: C:/opencv-4.10.0/opencv_library/install/include/opencv2/xphoto/oilpainting.hpp
  -- Installing: C:/opencv-4.10.0/opencv_library/install/include/opencv2/xphoto/tonemap.hpp
  -- Installing: C:/opencv-4.10.0/opencv_library/install/include/opencv2/xphoto/white_balance.hpp
  -- Installing: C:/opencv-4.10.0/opencv_library/install/x64/vc17/lib/opencv_dnn4100d.lib
  -- Installing: C:/opencv-4.10.0/opencv_library/install/x64/vc17/bin/opencv_dnn4100d.dll
  -- Installing: C:/opencv-4.10.0/opencv_library/install/include/opencv2/dnn.hpp
  -- Installing: C:/opencv-4.10.0/opencv_library/install/include/opencv2/dnn/all_layers.hpp
  -- Installing: C:/opencv-4.10.0/opencv_library/install/include/opencv2/dnn/dict.hpp
  -- Installing: C:/opencv-4.10.0/opencv_library/install/include/opencv2/dnn/dnn.hpp
  -- Installing: C:/opencv-4.10.0/opencv_library/install/include/opencv2/dnn/dnn.inl.hpp
  -- Installing: C:/opencv-4.10.0/opencv_library/install/include/opencv2/dnn/layer.details.hpp
  -- Installing: C:/opencv-4.10.0/opencv_library/install/include/opencv2/dnn/layer.hpp
  -- Installing: C:/opencv-4.10.0/opencv_library/install/include/opencv2/dnn/shape_utils.hpp
  -- Installing: C:/opencv-4.10.0/opencv_library/install/include/opencv2/dnn/utils/debug_utils.hpp
  -- Installing: C:/opencv-4.10.0/opencv_library/install/include/opencv2/dnn/utils/inference_engine.hpp
  -- Installing: C:/opencv-4.10.0/opencv_library/install/include/opencv2/dnn/version.hpp
  -- Installing: C:/opencv-4.10.0/opencv_library/install/x64/vc17/lib/opencv_dnn_superres4100d.lib
  -- Installing: C:/opencv-4.10.0/opencv_library/install/x64/vc17/bin/opencv_dnn_superres4100d.dll
  -- Installing: C:/opencv-4.10.0/opencv_library/install/include/opencv2/dnn_superres.hpp
  -- Installing: C:/opencv-4.10.0/opencv_library/install/x64/vc17/lib/opencv_features2d4100d.lib
  -- Installing: C:/opencv-4.10.0/opencv_library/install/x64/vc17/bin/opencv_features2d4100d.dll
  -- Installing: C:/opencv-4.10.0/opencv_library/install/include/opencv2/features2d.hpp
  -- Installing: C:/opencv-4.10.0/opencv_library/install/include/opencv2/features2d/features2d.hpp
  -- Installing: C:/opencv-4.10.0/opencv_library/install/include/opencv2/features2d/hal/interface.h
  -- Installing: C:/opencv-4.10.0/opencv_library/install/etc/licenses/mscr-chi_table_LICENSE.txt
  -- Installing: C:/opencv-4.10.0/opencv_library/install/x64/vc17/lib/opencv_fuzzy4100d.lib
  -- Installing: C:/opencv-4.10.0/opencv_library/install/x64/vc17/bin/opencv_fuzzy4100d.dll
  -- Installing: C:/opencv-4.10.0/opencv_library/install/include/opencv2/fuzzy.hpp
  -- Installing: C:/opencv-4.10.0/opencv_library/install/include/opencv2/fuzzy/fuzzy_F0_math.hpp
  -- Installing: C:/opencv-4.10.0/opencv_library/install/include/opencv2/fuzzy/fuzzy_F1_math.hpp
  -- Installing: C:/opencv-4.10.0/opencv_library/install/include/opencv2/fuzzy/fuzzy_image.hpp
  -- Installing: C:/opencv-4.10.0/opencv_library/install/include/opencv2/fuzzy/types.hpp
  -- Installing: C:/opencv-4.10.0/opencv_library/install/x64/vc17/lib/opencv_hfs4100d.lib
  -- Installing: C:/opencv-4.10.0/opencv_library/install/x64/vc17/bin/opencv_hfs4100d.dll
  -- Installing: C:/opencv-4.10.0/opencv_library/install/include/opencv2/hfs.hpp
  -- Installing: C:/opencv-4.10.0/opencv_library/install/x64/vc17/lib/opencv_img_hash4100d.lib
  -- Installing: C:/opencv-4.10.0/opencv_library/install/x64/vc17/bin/opencv_img_hash4100d.dll
  -- Installing: C:/opencv-4.10.0/opencv_library/install/include/opencv2/img_hash.hpp
  -- Installing: C:/opencv-4.10.0/opencv_library/install/include/opencv2/img_hash/average_hash.hpp
  -- Installing: C:/opencv-4.10.0/opencv_library/install/include/opencv2/img_hash/block_mean_hash.hpp
  -- Installing: C:/opencv-4.10.0/opencv_library/install/include/opencv2/img_hash/color_moment_hash.hpp
  -- Installing: C:/opencv-4.10.0/opencv_library/install/include/opencv2/img_hash/img_hash_base.hpp
  -- Installing: C:/opencv-4.10.0/opencv_library/install/include/opencv2/img_hash/marr_hildreth_hash.hpp
  -- Installing: C:/opencv-4.10.0/opencv_library/install/include/opencv2/img_hash/phash.hpp
  -- Installing: C:/opencv-4.10.0/opencv_library/install/include/opencv2/img_hash/radial_variance_hash.hpp
  -- Installing: C:/opencv-4.10.0/opencv_library/install/x64/vc17/lib/opencv_imgcodecs4100d.lib
  -- Installing: C:/opencv-4.10.0/opencv_library/install/x64/vc17/bin/opencv_imgcodecs4100d.dll
  -- Installing: C:/opencv-4.10.0/opencv_library/install/include/opencv2/imgcodecs.hpp
  -- Installing: C:/opencv-4.10.0/opencv_library/install/include/opencv2/imgcodecs/imgcodecs.hpp
  -- Installing: C:/opencv-4.10.0/opencv_library/install/include/opencv2/imgcodecs/imgcodecs_c.h
  -- Installing: C:/opencv-4.10.0/opencv_library/install/include/opencv2/imgcodecs/ios.h
  -- Installing: C:/opencv-4.10.0/opencv_library/install/include/opencv2/imgcodecs/legacy/constants_c.h
  -- Installing: C:/opencv-4.10.0/opencv_library/install/include/opencv2/imgcodecs/macosx.h
  -- Installing: C:/opencv-4.10.0/opencv_library/install/x64/vc17/lib/opencv_line_descriptor4100d.lib
  -- Installing: C:/opencv-4.10.0/opencv_library/install/x64/vc17/bin/opencv_line_descriptor4100d.dll
  -- Installing: C:/opencv-4.10.0/opencv_library/install/include/opencv2/line_descriptor.hpp
  -- Installing: C:/opencv-4.10.0/opencv_library/install/include/opencv2/line_descriptor/descriptor.hpp
  -- Installing: C:/opencv-4.10.0/opencv_library/install/x64/vc17/lib/opencv_saliency4100d.lib
  -- Installing: C:/opencv-4.10.0/opencv_library/install/x64/vc17/bin/opencv_saliency4100d.dll
  -- Installing: C:/opencv-4.10.0/opencv_library/install/include/opencv2/saliency.hpp
  -- Installing: C:/opencv-4.10.0/opencv_library/install/include/opencv2/saliency/saliencyBaseClasses.hpp
  -- Installing: C:/opencv-4.10.0/opencv_library/install/include/opencv2/saliency/saliencySpecializedClasses.hpp
  -- Installing: C:/opencv-4.10.0/opencv_library/install/x64/vc17/lib/opencv_text4100d.lib
  -- Installing: C:/opencv-4.10.0/opencv_library/install/x64/vc17/bin/opencv_text4100d.dll
  -- Installing: C:/opencv-4.10.0/opencv_library/install/include/opencv2/text.hpp
  -- Installing: C:/opencv-4.10.0/opencv_library/install/include/opencv2/text/erfilter.hpp
  -- Installing: C:/opencv-4.10.0/opencv_library/install/include/opencv2/text/ocr.hpp
  -- Installing: C:/opencv-4.10.0/opencv_library/install/include/opencv2/text/swt_text_detection.hpp
  -- Installing: C:/opencv-4.10.0/opencv_library/install/include/opencv2/text/textDetector.hpp
  -- Installing: C:/opencv-4.10.0/opencv_library/install/x64/vc17/lib/opencv_videoio4100d.lib
  -- Installing: C:/opencv-4.10.0/opencv_library/install/x64/vc17/bin/opencv_videoio4100d.dll
  -- Installing: C:/opencv-4.10.0/opencv_library/install/include/opencv2/videoio.hpp
  -- Installing: C:/opencv-4.10.0/opencv_library/install/include/opencv2/videoio/cap_ios.h
  -- Installing: C:/opencv-4.10.0/opencv_library/install/include/opencv2/videoio/legacy/constants_c.h
  -- Installing: C:/opencv-4.10.0/opencv_library/install/include/opencv2/videoio/registry.hpp
  -- Installing: C:/opencv-4.10.0/opencv_library/install/include/opencv2/videoio/videoio.hpp
  -- Installing: C:/opencv-4.10.0/opencv_library/install/include/opencv2/videoio/videoio_c.h
  -- Installing: C:/opencv-4.10.0/opencv_library/install/x64/vc17/bin/opencv_videoio_ffmpeg4100_64.dll
  -- Installing: C:/opencv-4.10.0/opencv_library/install/x64/vc17/lib/opencv_calib3d4100d.lib
  -- Installing: C:/opencv-4.10.0/opencv_library/install/x64/vc17/bin/opencv_calib3d4100d.dll
  -- Installing: C:/opencv-4.10.0/opencv_library/install/include/opencv2/calib3d.hpp
  -- Installing: C:/opencv-4.10.0/opencv_library/install/include/opencv2/calib3d/calib3d.hpp
  -- Installing: C:/opencv-4.10.0/opencv_library/install/include/opencv2/calib3d/calib3d_c.h
  -- Installing: C:/opencv-4.10.0/opencv_library/install/x64/vc17/lib/opencv_datasets4100d.lib
  -- Installing: C:/opencv-4.10.0/opencv_library/install/x64/vc17/bin/opencv_datasets4100d.dll
  -- Installing: C:/opencv-4.10.0/opencv_library/install/include/opencv2/datasets/ar_hmdb.hpp
  -- Installing: C:/opencv-4.10.0/opencv_library/install/include/opencv2/datasets/ar_sports.hpp
  -- Installing: C:/opencv-4.10.0/opencv_library/install/include/opencv2/datasets/dataset.hpp
  -- Installing: C:/opencv-4.10.0/opencv_library/install/include/opencv2/datasets/fr_adience.hpp
  -- Installing: C:/opencv-4.10.0/opencv_library/install/include/opencv2/datasets/fr_lfw.hpp
  -- Installing: C:/opencv-4.10.0/opencv_library/install/include/opencv2/datasets/gr_chalearn.hpp
  -- Installing: C:/opencv-4.10.0/opencv_library/install/include/opencv2/datasets/gr_skig.hpp
  -- Installing: C:/opencv-4.10.0/opencv_library/install/include/opencv2/datasets/hpe_humaneva.hpp
  -- Installing: C:/opencv-4.10.0/opencv_library/install/include/opencv2/datasets/hpe_parse.hpp
  -- Installing: C:/opencv-4.10.0/opencv_library/install/include/opencv2/datasets/ir_affine.hpp
  -- Installing: C:/opencv-4.10.0/opencv_library/install/include/opencv2/datasets/ir_robot.hpp
  -- Installing: C:/opencv-4.10.0/opencv_library/install/include/opencv2/datasets/is_bsds.hpp
  -- Installing: C:/opencv-4.10.0/opencv_library/install/include/opencv2/datasets/is_weizmann.hpp
  -- Installing: C:/opencv-4.10.0/opencv_library/install/include/opencv2/datasets/msm_epfl.hpp
  -- Installing: C:/opencv-4.10.0/opencv_library/install/include/opencv2/datasets/msm_middlebury.hpp
  -- Installing: C:/opencv-4.10.0/opencv_library/install/include/opencv2/datasets/or_imagenet.hpp
  -- Installing: C:/opencv-4.10.0/opencv_library/install/include/opencv2/datasets/or_mnist.hpp
  -- Installing: C:/opencv-4.10.0/opencv_library/install/include/opencv2/datasets/or_pascal.hpp
  -- Installing: C:/opencv-4.10.0/opencv_library/install/include/opencv2/datasets/or_sun.hpp
  -- Installing: C:/opencv-4.10.0/opencv_library/install/include/opencv2/datasets/pd_caltech.hpp
  -- Installing: C:/opencv-4.10.0/opencv_library/install/include/opencv2/datasets/pd_inria.hpp
  -- Installing: C:/opencv-4.10.0/opencv_library/install/include/opencv2/datasets/slam_kitti.hpp
  -- Installing: C:/opencv-4.10.0/opencv_library/install/include/opencv2/datasets/slam_tumindoor.hpp
  -- Installing: C:/opencv-4.10.0/opencv_library/install/include/opencv2/datasets/sr_bsds.hpp
  -- Installing: C:/opencv-4.10.0/opencv_library/install/include/opencv2/datasets/sr_div2k.hpp
  -- Installing: C:/opencv-4.10.0/opencv_library/install/include/opencv2/datasets/sr_general100.hpp
  -- Installing: C:/opencv-4.10.0/opencv_library/install/include/opencv2/datasets/tr_chars.hpp
  -- Installing: C:/opencv-4.10.0/opencv_library/install/include/opencv2/datasets/tr_icdar.hpp
  -- Installing: C:/opencv-4.10.0/opencv_library/install/include/opencv2/datasets/tr_svt.hpp
  -- Installing: C:/opencv-4.10.0/opencv_library/install/include/opencv2/datasets/track_alov.hpp
  -- Installing: C:/opencv-4.10.0/opencv_library/install/include/opencv2/datasets/track_vot.hpp
  -- Installing: C:/opencv-4.10.0/opencv_library/install/include/opencv2/datasets/util.hpp
  -- Installing: C:/opencv-4.10.0/opencv_library/install/x64/vc17/lib/opencv_highgui4100d.lib
  -- Installing: C:/opencv-4.10.0/opencv_library/install/x64/vc17/bin/opencv_highgui4100d.dll
  -- Installing: C:/opencv-4.10.0/opencv_library/install/include/opencv2/highgui.hpp
  -- Installing: C:/opencv-4.10.0/opencv_library/install/include/opencv2/highgui/highgui.hpp
  -- Installing: C:/opencv-4.10.0/opencv_library/install/include/opencv2/highgui/highgui_c.h
  -- Installing: C:/opencv-4.10.0/opencv_library/install/x64/vc17/lib/opencv_mcc4100d.lib
  -- Installing: C:/opencv-4.10.0/opencv_library/install/x64/vc17/bin/opencv_mcc4100d.dll
  -- Installing: C:/opencv-4.10.0/opencv_library/install/include/opencv2/mcc.hpp
  -- Installing: C:/opencv-4.10.0/opencv_library/install/include/opencv2/mcc/ccm.hpp
  -- Installing: C:/opencv-4.10.0/opencv_library/install/include/opencv2/mcc/checker_detector.hpp
  -- Installing: C:/opencv-4.10.0/opencv_library/install/include/opencv2/mcc/checker_model.hpp
  -- Installing: C:/opencv-4.10.0/opencv_library/install/x64/vc17/lib/opencv_objdetect4100d.lib
  -- Installing: C:/opencv-4.10.0/opencv_library/install/x64/vc17/bin/opencv_objdetect4100d.dll
  -- Installing: C:/opencv-4.10.0/opencv_library/install/include/opencv2/objdetect.hpp
  -- Installing: C:/opencv-4.10.0/opencv_library/install/include/opencv2/objdetect/aruco_board.hpp
  -- Installing: C:/opencv-4.10.0/opencv_library/install/include/opencv2/objdetect/aruco_detector.hpp
  -- Installing: C:/opencv-4.10.0/opencv_library/install/include/opencv2/objdetect/aruco_dictionary.hpp
  -- Installing: C:/opencv-4.10.0/opencv_library/install/include/opencv2/objdetect/barcode.hpp
  -- Installing: C:/opencv-4.10.0/opencv_library/install/include/opencv2/objdetect/charuco_detector.hpp
  -- Installing: C:/opencv-4.10.0/opencv_library/install/include/opencv2/objdetect/detection_based_tracker.hpp
  -- Installing: C:/opencv-4.10.0/opencv_library/install/include/opencv2/objdetect/face.hpp
  -- Installing: C:/opencv-4.10.0/opencv_library/install/include/opencv2/objdetect/graphical_code_detector.hpp
  -- Installing: C:/opencv-4.10.0/opencv_library/install/include/opencv2/objdetect/objdetect.hpp
  -- Installing: C:/opencv-4.10.0/opencv_library/install/x64/vc17/lib/opencv_rapid4100d.lib
  -- Installing: C:/opencv-4.10.0/opencv_library/install/x64/vc17/bin/opencv_rapid4100d.dll
  -- Installing: C:/opencv-4.10.0/opencv_library/install/include/opencv2/rapid.hpp
  -- Installing: C:/opencv-4.10.0/opencv_library/install/x64/vc17/lib/opencv_rgbd4100d.lib
  -- Installing: C:/opencv-4.10.0/opencv_library/install/x64/vc17/bin/opencv_rgbd4100d.dll
  -- Installing: C:/opencv-4.10.0/opencv_library/install/include/opencv2/rgbd.hpp
  -- Installing: C:/opencv-4.10.0/opencv_library/install/include/opencv2/rgbd/colored_kinfu.hpp
  -- Installing: C:/opencv-4.10.0/opencv_library/install/include/opencv2/rgbd/depth.hpp
  -- Installing: C:/opencv-4.10.0/opencv_library/install/include/opencv2/rgbd/detail/pose_graph.hpp
  -- Installing: C:/opencv-4.10.0/opencv_library/install/include/opencv2/rgbd/dynafu.hpp
  -- Installing: C:/opencv-4.10.0/opencv_library/install/include/opencv2/rgbd/intrinsics.hpp
  -- Installing: C:/opencv-4.10.0/opencv_library/install/include/opencv2/rgbd/kinfu.hpp
  -- Installing: C:/opencv-4.10.0/opencv_library/install/include/opencv2/rgbd/large_kinfu.hpp
  -- Installing: C:/opencv-4.10.0/opencv_library/install/include/opencv2/rgbd/linemod.hpp
  -- Installing: C:/opencv-4.10.0/opencv_library/install/include/opencv2/rgbd/volume.hpp
  -- Installing: C:/opencv-4.10.0/opencv_library/install/x64/vc17/lib/opencv_shape4100d.lib
  -- Installing: C:/opencv-4.10.0/opencv_library/install/x64/vc17/bin/opencv_shape4100d.dll
  -- Installing: C:/opencv-4.10.0/opencv_library/install/include/opencv2/shape.hpp
  -- Installing: C:/opencv-4.10.0/opencv_library/install/include/opencv2/shape/emdL1.hpp
  -- Installing: C:/opencv-4.10.0/opencv_library/install/include/opencv2/shape/hist_cost.hpp
  -- Installing: C:/opencv-4.10.0/opencv_library/install/include/opencv2/shape/shape.hpp
  -- Installing: C:/opencv-4.10.0/opencv_library/install/include/opencv2/shape/shape_distance.hpp
  -- Installing: C:/opencv-4.10.0/opencv_library/install/include/opencv2/shape/shape_transformer.hpp
  -- Installing: C:/opencv-4.10.0/opencv_library/install/x64/vc17/lib/opencv_structured_light4100d.lib
  -- Installing: C:/opencv-4.10.0/opencv_library/install/x64/vc17/bin/opencv_structured_light4100d.dll
  -- Installing: C:/opencv-4.10.0/opencv_library/install/include/opencv2/structured_light.hpp
  -- Installing: C:/opencv-4.10.0/opencv_library/install/include/opencv2/structured_light/graycodepattern.hpp
  -- Installing: C:/opencv-4.10.0/opencv_library/install/include/opencv2/structured_light/sinusoidalpattern.hpp
  -- Installing: C:/opencv-4.10.0/opencv_library/install/include/opencv2/structured_light/structured_light.hpp
  -- Installing: C:/opencv-4.10.0/opencv_library/install/x64/vc17/lib/opencv_video4100d.lib
  -- Installing: C:/opencv-4.10.0/opencv_library/install/x64/vc17/bin/opencv_video4100d.dll
  -- Installing: C:/opencv-4.10.0/opencv_library/install/include/opencv2/video.hpp
  -- Installing: C:/opencv-4.10.0/opencv_library/install/include/opencv2/video/background_segm.hpp
  -- Installing: C:/opencv-4.10.0/opencv_library/install/include/opencv2/video/detail/tracking.detail.hpp
  -- Installing: C:/opencv-4.10.0/opencv_library/install/include/opencv2/video/legacy/constants_c.h
  -- Installing: C:/opencv-4.10.0/opencv_library/install/include/opencv2/video/tracking.hpp
  -- Installing: C:/opencv-4.10.0/opencv_library/install/include/opencv2/video/video.hpp
  -- Installing: C:/opencv-4.10.0/opencv_library/install/x64/vc17/lib/opencv_videostab4100d.lib
  -- Installing: C:/opencv-4.10.0/opencv_library/install/x64/vc17/bin/opencv_videostab4100d.dll
  -- Installing: C:/opencv-4.10.0/opencv_library/install/include/opencv2/videostab.hpp
  -- Installing: C:/opencv-4.10.0/opencv_library/install/include/opencv2/videostab/deblurring.hpp
  -- Installing: C:/opencv-4.10.0/opencv_library/install/include/opencv2/videostab/fast_marching.hpp
  -- Installing: C:/opencv-4.10.0/opencv_library/install/include/opencv2/videostab/fast_marching_inl.hpp
  -- Installing: C:/opencv-4.10.0/opencv_library/install/include/opencv2/videostab/frame_source.hpp
  -- Installing: C:/opencv-4.10.0/opencv_library/install/include/opencv2/videostab/global_motion.hpp
  -- Installing: C:/opencv-4.10.0/opencv_library/install/include/opencv2/videostab/inpainting.hpp
  -- Installing: C:/opencv-4.10.0/opencv_library/install/include/opencv2/videostab/log.hpp
  -- Installing: C:/opencv-4.10.0/opencv_library/install/include/opencv2/videostab/motion_core.hpp
  -- Installing: C:/opencv-4.10.0/opencv_library/install/include/opencv2/videostab/motion_stabilizing.hpp
  -- Installing: C:/opencv-4.10.0/opencv_library/install/include/opencv2/videostab/optical_flow.hpp
  -- Installing: C:/opencv-4.10.0/opencv_library/install/include/opencv2/videostab/outlier_rejection.hpp
  -- Installing: C:/opencv-4.10.0/opencv_library/install/include/opencv2/videostab/ring_buffer.hpp
  -- Installing: C:/opencv-4.10.0/opencv_library/install/include/opencv2/videostab/stabilizer.hpp
  -- Installing: C:/opencv-4.10.0/opencv_library/install/include/opencv2/videostab/wobble_suppression.hpp
  -- Installing: C:/opencv-4.10.0/opencv_library/install/x64/vc17/lib/opencv_wechat_qrcode4100d.lib
  -- Installing: C:/opencv-4.10.0/opencv_library/install/x64/vc17/bin/opencv_wechat_qrcode4100d.dll
  -- Installing: C:/opencv-4.10.0/opencv_library/install/include/opencv2/wechat_qrcode.hpp
  -- Installing: C:/opencv-4.10.0/opencv_library/install/x64/vc17/lib/opencv_xfeatures2d4100d.lib
  -- Installing: C:/opencv-4.10.0/opencv_library/install/x64/vc17/bin/opencv_xfeatures2d4100d.dll
  -- Installing: C:/opencv-4.10.0/opencv_library/install/include/opencv2/xfeatures2d.hpp
  -- Installing: C:/opencv-4.10.0/opencv_library/install/include/opencv2/xfeatures2d/cuda.hpp
  -- Installing: C:/opencv-4.10.0/opencv_library/install/include/opencv2/xfeatures2d/nonfree.hpp
  -- Installing: C:/opencv-4.10.0/opencv_library/install/x64/vc17/lib/opencv_ximgproc4100d.lib
  -- Installing: C:/opencv-4.10.0/opencv_library/install/x64/vc17/bin/opencv_ximgproc4100d.dll
  -- Installing: C:/opencv-4.10.0/opencv_library/install/include/opencv2/ximgproc.hpp
  -- Installing: C:/opencv-4.10.0/opencv_library/install/include/opencv2/ximgproc/brightedges.hpp
  -- Installing: C:/opencv-4.10.0/opencv_library/install/include/opencv2/ximgproc/color_match.hpp
  -- Installing: C:/opencv-4.10.0/opencv_library/install/include/opencv2/ximgproc/deriche_filter.hpp
  -- Installing: C:/opencv-4.10.0/opencv_library/install/include/opencv2/ximgproc/disparity_filter.hpp
  -- Installing: C:/opencv-4.10.0/opencv_library/install/include/opencv2/ximgproc/edge_drawing.hpp
  -- Installing: C:/opencv-4.10.0/opencv_library/install/include/opencv2/ximgproc/edge_filter.hpp
  -- Installing: C:/opencv-4.10.0/opencv_library/install/include/opencv2/ximgproc/edgeboxes.hpp
  -- Installing: C:/opencv-4.10.0/opencv_library/install/include/opencv2/ximgproc/edgepreserving_filter.hpp
  -- Installing: C:/opencv-4.10.0/opencv_library/install/include/opencv2/ximgproc/estimated_covariance.hpp
  -- Installing: C:/opencv-4.10.0/opencv_library/install/include/opencv2/ximgproc/fast_hough_transform.hpp
  -- Installing: C:/opencv-4.10.0/opencv_library/install/include/opencv2/ximgproc/fast_line_detector.hpp
  -- Installing: C:/opencv-4.10.0/opencv_library/install/include/opencv2/ximgproc/find_ellipses.hpp
  -- Installing: C:/opencv-4.10.0/opencv_library/install/include/opencv2/ximgproc/fourier_descriptors.hpp
  -- Installing: C:/opencv-4.10.0/opencv_library/install/include/opencv2/ximgproc/lsc.hpp
  -- Installing: C:/opencv-4.10.0/opencv_library/install/include/opencv2/ximgproc/paillou_filter.hpp
  -- Installing: C:/opencv-4.10.0/opencv_library/install/include/opencv2/ximgproc/peilin.hpp
  -- Installing: C:/opencv-4.10.0/opencv_library/install/include/opencv2/ximgproc/radon_transform.hpp
  -- Installing: C:/opencv-4.10.0/opencv_library/install/include/opencv2/ximgproc/ridgefilter.hpp
  -- Installing: C:/opencv-4.10.0/opencv_library/install/include/opencv2/ximgproc/run_length_morphology.hpp
  -- Installing: C:/opencv-4.10.0/opencv_library/install/include/opencv2/ximgproc/scansegment.hpp
  -- Installing: C:/opencv-4.10.0/opencv_library/install/include/opencv2/ximgproc/seeds.hpp
  -- Installing: C:/opencv-4.10.0/opencv_library/install/include/opencv2/ximgproc/segmentation.hpp
  -- Installing: C:/opencv-4.10.0/opencv_library/install/include/opencv2/ximgproc/slic.hpp
  -- Installing: C:/opencv-4.10.0/opencv_library/install/include/opencv2/ximgproc/sparse_match_interpolator.hpp
  -- Installing: C:/opencv-4.10.0/opencv_library/install/include/opencv2/ximgproc/structured_edge_detection.hpp
  -- Installing: C:/opencv-4.10.0/opencv_library/install/include/opencv2/ximgproc/weighted_median_filter.hpp
  -- Installing: C:/opencv-4.10.0/opencv_library/install/x64/vc17/lib/opencv_xobjdetect4100d.lib
  -- Installing: C:/opencv-4.10.0/opencv_library/install/x64/vc17/bin/opencv_xobjdetect4100d.dll
  -- Installing: C:/opencv-4.10.0/opencv_library/install/include/opencv2/xobjdetect.hpp
  -- Installing: C:/opencv-4.10.0/opencv_library/install/bin/opencv_waldboost_detectord.exe
  -- Installing: C:/opencv-4.10.0/opencv_library/install/x64/vc17/lib/opencv_aruco4100d.lib
  -- Installing: C:/opencv-4.10.0/opencv_library/install/x64/vc17/bin/opencv_aruco4100d.dll
  -- Installing: C:/opencv-4.10.0/opencv_library/install/include/opencv2/aruco.hpp
  -- Installing: C:/opencv-4.10.0/opencv_library/install/include/opencv2/aruco/aruco_calib.hpp
  -- Installing: C:/opencv-4.10.0/opencv_library/install/include/opencv2/aruco/charuco.hpp
  -- Installing: C:/opencv-4.10.0/opencv_library/install/x64/vc17/lib/opencv_bgsegm4100d.lib
  -- Installing: C:/opencv-4.10.0/opencv_library/install/x64/vc17/bin/opencv_bgsegm4100d.dll
  -- Installing: C:/opencv-4.10.0/opencv_library/install/include/opencv2/bgsegm.hpp
  -- Installing: C:/opencv-4.10.0/opencv_library/install/x64/vc17/lib/opencv_bioinspired4100d.lib
  -- Installing: C:/opencv-4.10.0/opencv_library/install/x64/vc17/bin/opencv_bioinspired4100d.dll
  -- Installing: C:/opencv-4.10.0/opencv_library/install/include/opencv2/bioinspired.hpp
  -- Installing: C:/opencv-4.10.0/opencv_library/install/include/opencv2/bioinspired/bioinspired.hpp
  -- Installing: C:/opencv-4.10.0/opencv_library/install/include/opencv2/bioinspired/retina.hpp
  -- Installing: C:/opencv-4.10.0/opencv_library/install/include/opencv2/bioinspired/retinafasttonemapping.hpp
  -- Installing: C:/opencv-4.10.0/opencv_library/install/include/opencv2/bioinspired/transientareassegmentationmodule.hpp
  -- Installing: C:/opencv-4.10.0/opencv_library/install/x64/vc17/lib/opencv_ccalib4100d.lib
  -- Installing: C:/opencv-4.10.0/opencv_library/install/x64/vc17/bin/opencv_ccalib4100d.dll
  -- Installing: C:/opencv-4.10.0/opencv_library/install/include/opencv2/ccalib.hpp
  -- Installing: C:/opencv-4.10.0/opencv_library/install/include/opencv2/ccalib/multicalib.hpp
  -- Installing: C:/opencv-4.10.0/opencv_library/install/include/opencv2/ccalib/omnidir.hpp
  -- Installing: C:/opencv-4.10.0/opencv_library/install/include/opencv2/ccalib/randpattern.hpp
  -- Installing: C:/opencv-4.10.0/opencv_library/install/x64/vc17/lib/opencv_dnn_objdetect4100d.lib
  -- Installing: C:/opencv-4.10.0/opencv_library/install/x64/vc17/bin/opencv_dnn_objdetect4100d.dll
  -- Installing: C:/opencv-4.10.0/opencv_library/install/include/opencv2/core_detect.hpp
  -- Installing: C:/opencv-4.10.0/opencv_library/install/x64/vc17/lib/opencv_dpm4100d.lib
  -- Installing: C:/opencv-4.10.0/opencv_library/install/x64/vc17/bin/opencv_dpm4100d.dll
  -- Installing: C:/opencv-4.10.0/opencv_library/install/include/opencv2/dpm.hpp
  -- Installing: C:/opencv-4.10.0/opencv_library/install/x64/vc17/lib/opencv_face4100d.lib
  -- Installing: C:/opencv-4.10.0/opencv_library/install/x64/vc17/bin/opencv_face4100d.dll
  -- Installing: C:/opencv-4.10.0/opencv_library/install/include/opencv2/face.hpp
  -- Installing: C:/opencv-4.10.0/opencv_library/install/include/opencv2/face/bif.hpp
  -- Installing: C:/opencv-4.10.0/opencv_library/install/include/opencv2/face/face_alignment.hpp
  -- Installing: C:/opencv-4.10.0/opencv_library/install/include/opencv2/face/facemark.hpp
  -- Installing: C:/opencv-4.10.0/opencv_library/install/include/opencv2/face/facemarkAAM.hpp
  -- Installing: C:/opencv-4.10.0/opencv_library/install/include/opencv2/face/facemarkLBF.hpp
  -- Installing: C:/opencv-4.10.0/opencv_library/install/include/opencv2/face/facemark_train.hpp
  -- Installing: C:/opencv-4.10.0/opencv_library/install/include/opencv2/face/facerec.hpp
  -- Installing: C:/opencv-4.10.0/opencv_library/install/include/opencv2/face/mace.hpp
  -- Installing: C:/opencv-4.10.0/opencv_library/install/include/opencv2/face/predict_collector.hpp
  -- Installing: C:/opencv-4.10.0/opencv_library/install/x64/vc17/lib/opencv_gapi4100d.lib
  -- Installing: C:/opencv-4.10.0/opencv_library/install/x64/vc17/bin/opencv_gapi4100d.dll
  -- Installing: C:/opencv-4.10.0/opencv_library/install/include/opencv2/gapi.hpp
  -- Installing: C:/opencv-4.10.0/opencv_library/install/include/opencv2/gapi/core.hpp
  -- Installing: C:/opencv-4.10.0/opencv_library/install/include/opencv2/gapi/cpu/core.hpp
  -- Installing: C:/opencv-4.10.0/opencv_library/install/include/opencv2/gapi/cpu/gcpukernel.hpp
  -- Installing: C:/opencv-4.10.0/opencv_library/install/include/opencv2/gapi/cpu/imgproc.hpp
  -- Installing: C:/opencv-4.10.0/opencv_library/install/include/opencv2/gapi/cpu/ot.hpp
  -- Installing: C:/opencv-4.10.0/opencv_library/install/include/opencv2/gapi/cpu/stereo.hpp
  -- Installing: C:/opencv-4.10.0/opencv_library/install/include/opencv2/gapi/cpu/video.hpp
  -- Installing: C:/opencv-4.10.0/opencv_library/install/include/opencv2/gapi/fluid/core.hpp
  -- Installing: C:/opencv-4.10.0/opencv_library/install/include/opencv2/gapi/fluid/gfluidbuffer.hpp
  -- Installing: C:/opencv-4.10.0/opencv_library/install/include/opencv2/gapi/fluid/gfluidkernel.hpp
  -- Installing: C:/opencv-4.10.0/opencv_library/install/include/opencv2/gapi/fluid/imgproc.hpp
  -- Installing: C:/opencv-4.10.0/opencv_library/install/include/opencv2/gapi/garg.hpp
  -- Installing: C:/opencv-4.10.0/opencv_library/install/include/opencv2/gapi/garray.hpp
  -- Installing: C:/opencv-4.10.0/opencv_library/install/include/opencv2/gapi/gasync_context.hpp
  -- Installing: C:/opencv-4.10.0/opencv_library/install/include/opencv2/gapi/gcall.hpp
  -- Installing: C:/opencv-4.10.0/opencv_library/install/include/opencv2/gapi/gcommon.hpp
  -- Installing: C:/opencv-4.10.0/opencv_library/install/include/opencv2/gapi/gcompiled.hpp
  -- Installing: C:/opencv-4.10.0/opencv_library/install/include/opencv2/gapi/gcompiled_async.hpp
  -- Installing: C:/opencv-4.10.0/opencv_library/install/include/opencv2/gapi/gcompoundkernel.hpp
  -- Installing: C:/opencv-4.10.0/opencv_library/install/include/opencv2/gapi/gcomputation.hpp
  -- Installing: C:/opencv-4.10.0/opencv_library/install/include/opencv2/gapi/gcomputation_async.hpp
  -- Installing: C:/opencv-4.10.0/opencv_library/install/include/opencv2/gapi/gframe.hpp
  -- Installing: C:/opencv-4.10.0/opencv_library/install/include/opencv2/gapi/gkernel.hpp
  -- Installing: C:/opencv-4.10.0/opencv_library/install/include/opencv2/gapi/gmat.hpp
  -- Installing: C:/opencv-4.10.0/opencv_library/install/include/opencv2/gapi/gmetaarg.hpp
  -- Installing: C:/opencv-4.10.0/opencv_library/install/include/opencv2/gapi/gopaque.hpp
  -- Installing: C:/opencv-4.10.0/opencv_library/install/include/opencv2/gapi/gproto.hpp
  -- Installing: C:/opencv-4.10.0/opencv_library/install/include/opencv2/gapi/gpu/core.hpp
  -- Installing: C:/opencv-4.10.0/opencv_library/install/include/opencv2/gapi/gpu/ggpukernel.hpp
  -- Installing: C:/opencv-4.10.0/opencv_library/install/include/opencv2/gapi/gpu/imgproc.hpp
  -- Installing: C:/opencv-4.10.0/opencv_library/install/include/opencv2/gapi/gscalar.hpp
  -- Installing: C:/opencv-4.10.0/opencv_library/install/include/opencv2/gapi/gstreaming.hpp
  -- Installing: C:/opencv-4.10.0/opencv_library/install/include/opencv2/gapi/gtransform.hpp
  -- Installing: C:/opencv-4.10.0/opencv_library/install/include/opencv2/gapi/gtype_traits.hpp
  -- Installing: C:/opencv-4.10.0/opencv_library/install/include/opencv2/gapi/gtyped.hpp
  -- Installing: C:/opencv-4.10.0/opencv_library/install/include/opencv2/gapi/imgproc.hpp
  -- Installing: C:/opencv-4.10.0/opencv_library/install/include/opencv2/gapi/infer.hpp
  -- Installing: C:/opencv-4.10.0/opencv_library/install/include/opencv2/gapi/infer/bindings_ie.hpp
  -- Installing: C:/opencv-4.10.0/opencv_library/install/include/opencv2/gapi/infer/bindings_onnx.hpp
  -- Installing: C:/opencv-4.10.0/opencv_library/install/include/opencv2/gapi/infer/bindings_ov.hpp
  -- Installing: C:/opencv-4.10.0/opencv_library/install/include/opencv2/gapi/infer/ie.hpp
  -- Installing: C:/opencv-4.10.0/opencv_library/install/include/opencv2/gapi/infer/onnx.hpp
  -- Installing: C:/opencv-4.10.0/opencv_library/install/include/opencv2/gapi/infer/ov.hpp
  -- Installing: C:/opencv-4.10.0/opencv_library/install/include/opencv2/gapi/infer/parsers.hpp
  -- Installing: C:/opencv-4.10.0/opencv_library/install/include/opencv2/gapi/media.hpp
  -- Installing: C:/opencv-4.10.0/opencv_library/install/include/opencv2/gapi/oak/infer.hpp
  -- Installing: C:/opencv-4.10.0/opencv_library/install/include/opencv2/gapi/oak/oak.hpp
  -- Installing: C:/opencv-4.10.0/opencv_library/install/include/opencv2/gapi/ocl/core.hpp
  -- Installing: C:/opencv-4.10.0/opencv_library/install/include/opencv2/gapi/ocl/goclkernel.hpp
  -- Installing: C:/opencv-4.10.0/opencv_library/install/include/opencv2/gapi/ocl/imgproc.hpp
  -- Installing: C:/opencv-4.10.0/opencv_library/install/include/opencv2/gapi/opencv_includes.hpp
  -- Installing: C:/opencv-4.10.0/opencv_library/install/include/opencv2/gapi/operators.hpp
  -- Installing: C:/opencv-4.10.0/opencv_library/install/include/opencv2/gapi/ot.hpp
  -- Installing: C:/opencv-4.10.0/opencv_library/install/include/opencv2/gapi/own/assert.hpp
  -- Installing: C:/opencv-4.10.0/opencv_library/install/include/opencv2/gapi/own/convert.hpp
  -- Installing: C:/opencv-4.10.0/opencv_library/install/include/opencv2/gapi/own/cvdefs.hpp
  -- Installing: C:/opencv-4.10.0/opencv_library/install/include/opencv2/gapi/own/exports.hpp
  -- Installing: C:/opencv-4.10.0/opencv_library/install/include/opencv2/gapi/own/mat.hpp
  -- Installing: C:/opencv-4.10.0/opencv_library/install/include/opencv2/gapi/own/saturate.hpp
  -- Installing: C:/opencv-4.10.0/opencv_library/install/include/opencv2/gapi/own/scalar.hpp
  -- Installing: C:/opencv-4.10.0/opencv_library/install/include/opencv2/gapi/own/types.hpp
  -- Installing: C:/opencv-4.10.0/opencv_library/install/include/opencv2/gapi/plaidml/core.hpp
  -- Installing: C:/opencv-4.10.0/opencv_library/install/include/opencv2/gapi/plaidml/gplaidmlkernel.hpp
  -- Installing: C:/opencv-4.10.0/opencv_library/install/include/opencv2/gapi/plaidml/plaidml.hpp
  -- Installing: C:/opencv-4.10.0/opencv_library/install/include/opencv2/gapi/python/python.hpp
  -- Installing: C:/opencv-4.10.0/opencv_library/install/include/opencv2/gapi/render.hpp
  -- Installing: C:/opencv-4.10.0/opencv_library/install/include/opencv2/gapi/render/render.hpp
  -- Installing: C:/opencv-4.10.0/opencv_library/install/include/opencv2/gapi/render/render_types.hpp
  -- Installing: C:/opencv-4.10.0/opencv_library/install/include/opencv2/gapi/rmat.hpp
  -- Installing: C:/opencv-4.10.0/opencv_library/install/include/opencv2/gapi/s11n.hpp
  -- Installing: C:/opencv-4.10.0/opencv_library/install/include/opencv2/gapi/s11n/base.hpp
  -- Installing: C:/opencv-4.10.0/opencv_library/install/include/opencv2/gapi/stereo.hpp
  -- Installing: C:/opencv-4.10.0/opencv_library/install/include/opencv2/gapi/streaming/cap.hpp
  -- Installing: C:/opencv-4.10.0/opencv_library/install/include/opencv2/gapi/streaming/desync.hpp
  -- Installing: C:/opencv-4.10.0/opencv_library/install/include/opencv2/gapi/streaming/format.hpp
  -- Installing: C:/opencv-4.10.0/opencv_library/install/include/opencv2/gapi/streaming/gstreamer/gstreamerpipeline.hpp
  -- Installing: C:/opencv-4.10.0/opencv_library/install/include/opencv2/gapi/streaming/gstreamer/gstreamersource.hpp
  -- Installing: C:/opencv-4.10.0/opencv_library/install/include/opencv2/gapi/streaming/meta.hpp
  -- Installing: C:/opencv-4.10.0/opencv_library/install/include/opencv2/gapi/streaming/onevpl/accel_types.hpp
  -- Installing: C:/opencv-4.10.0/opencv_library/install/include/opencv2/gapi/streaming/onevpl/cfg_params.hpp
  -- Installing: C:/opencv-4.10.0/opencv_library/install/include/opencv2/gapi/streaming/onevpl/data_provider_interface.hpp
  -- Installing: C:/opencv-4.10.0/opencv_library/install/include/opencv2/gapi/streaming/onevpl/default.hpp
  -- Installing: C:/opencv-4.10.0/opencv_library/install/include/opencv2/gapi/streaming/onevpl/device_selector_interface.hpp
  -- Installing: C:/opencv-4.10.0/opencv_library/install/include/opencv2/gapi/streaming/onevpl/source.hpp
  -- Installing: C:/opencv-4.10.0/opencv_library/install/include/opencv2/gapi/streaming/queue_source.hpp
  -- Installing: C:/opencv-4.10.0/opencv_library/install/include/opencv2/gapi/streaming/source.hpp
  -- Installing: C:/opencv-4.10.0/opencv_library/install/include/opencv2/gapi/streaming/sync.hpp
  -- Installing: C:/opencv-4.10.0/opencv_library/install/include/opencv2/gapi/util/any.hpp
  -- Installing: C:/opencv-4.10.0/opencv_library/install/include/opencv2/gapi/util/compiler_hints.hpp
  -- Installing: C:/opencv-4.10.0/opencv_library/install/include/opencv2/gapi/util/copy_through_move.hpp
  -- Installing: C:/opencv-4.10.0/opencv_library/install/include/opencv2/gapi/util/optional.hpp
  -- Installing: C:/opencv-4.10.0/opencv_library/install/include/opencv2/gapi/util/throw.hpp
  -- Installing: C:/opencv-4.10.0/opencv_library/install/include/opencv2/gapi/util/type_traits.hpp
  -- Installing: C:/opencv-4.10.0/opencv_library/install/include/opencv2/gapi/util/util.hpp
  -- Installing: C:/opencv-4.10.0/opencv_library/install/include/opencv2/gapi/util/variant.hpp
  -- Installing: C:/opencv-4.10.0/opencv_library/install/include/opencv2/gapi/video.hpp
  -- Installing: C:/opencv-4.10.0/opencv_library/install/etc/licenses/vasot-LICENSE.txt
  -- Installing: C:/opencv-4.10.0/opencv_library/install/x64/vc17/lib/opencv_optflow4100d.lib
  -- Installing: C:/opencv-4.10.0/opencv_library/install/x64/vc17/bin/opencv_optflow4100d.dll
  -- Installing: C:/opencv-4.10.0/opencv_library/install/include/opencv2/optflow.hpp
  -- Installing: C:/opencv-4.10.0/opencv_library/install/include/opencv2/optflow/motempl.hpp
  -- Installing: C:/opencv-4.10.0/opencv_library/install/include/opencv2/optflow/pcaflow.hpp
  -- Installing: C:/opencv-4.10.0/opencv_library/install/include/opencv2/optflow/rlofflow.hpp
  -- Installing: C:/opencv-4.10.0/opencv_library/install/include/opencv2/optflow/sparse_matching_gpc.hpp
  -- Installing: C:/opencv-4.10.0/opencv_library/install/x64/vc17/lib/opencv_stitching4100d.lib
  -- Installing: C:/opencv-4.10.0/opencv_library/install/x64/vc17/bin/opencv_stitching4100d.dll
  -- Installing: C:/opencv-4.10.0/opencv_library/install/include/opencv2/stitching.hpp
  -- Installing: C:/opencv-4.10.0/opencv_library/install/include/opencv2/stitching/detail/autocalib.hpp
  -- Installing: C:/opencv-4.10.0/opencv_library/install/include/opencv2/stitching/detail/blenders.hpp
  -- Installing: C:/opencv-4.10.0/opencv_library/install/include/opencv2/stitching/detail/camera.hpp
  -- Installing: C:/opencv-4.10.0/opencv_library/install/include/opencv2/stitching/detail/exposure_compensate.hpp
  -- Installing: C:/opencv-4.10.0/opencv_library/install/include/opencv2/stitching/detail/matchers.hpp
  -- Installing: C:/opencv-4.10.0/opencv_library/install/include/opencv2/stitching/detail/motion_estimators.hpp
  -- Installing: C:/opencv-4.10.0/opencv_library/install/include/opencv2/stitching/detail/seam_finders.hpp
  -- Installing: C:/opencv-4.10.0/opencv_library/install/include/opencv2/stitching/detail/timelapsers.hpp
  -- Installing: C:/opencv-4.10.0/opencv_library/install/include/opencv2/stitching/detail/util.hpp
  -- Installing: C:/opencv-4.10.0/opencv_library/install/include/opencv2/stitching/detail/util_inl.hpp
  -- Installing: C:/opencv-4.10.0/opencv_library/install/include/opencv2/stitching/detail/warpers.hpp
  -- Installing: C:/opencv-4.10.0/opencv_library/install/include/opencv2/stitching/detail/warpers_inl.hpp
  -- Installing: C:/opencv-4.10.0/opencv_library/install/include/opencv2/stitching/warpers.hpp
  -- Installing: C:/opencv-4.10.0/opencv_library/install/x64/vc17/lib/opencv_superres4100d.lib
  -- Installing: C:/opencv-4.10.0/opencv_library/install/x64/vc17/bin/opencv_superres4100d.dll
  -- Installing: C:/opencv-4.10.0/opencv_library/install/include/opencv2/superres.hpp
  -- Installing: C:/opencv-4.10.0/opencv_library/install/include/opencv2/superres/optical_flow.hpp
  -- Installing: C:/opencv-4.10.0/opencv_library/install/x64/vc17/lib/opencv_tracking4100d.lib
  -- Installing: C:/opencv-4.10.0/opencv_library/install/x64/vc17/bin/opencv_tracking4100d.dll
  -- Installing: C:/opencv-4.10.0/opencv_library/install/include/opencv2/tracking.hpp
  -- Installing: C:/opencv-4.10.0/opencv_library/install/include/opencv2/tracking/feature.hpp
  -- Installing: C:/opencv-4.10.0/opencv_library/install/include/opencv2/tracking/kalman_filters.hpp
  -- Installing: C:/opencv-4.10.0/opencv_library/install/include/opencv2/tracking/onlineBoosting.hpp
  -- Installing: C:/opencv-4.10.0/opencv_library/install/include/opencv2/tracking/tldDataset.hpp
  -- Installing: C:/opencv-4.10.0/opencv_library/install/include/opencv2/tracking/tracking.hpp
  -- Installing: C:/opencv-4.10.0/opencv_library/install/include/opencv2/tracking/tracking_by_matching.hpp
  -- Installing: C:/opencv-4.10.0/opencv_library/install/include/opencv2/tracking/tracking_internals.hpp
  -- Installing: C:/opencv-4.10.0/opencv_library/install/include/opencv2/tracking/tracking_legacy.hpp
  -- Installing: C:/opencv-4.10.0/opencv_library/install/include/opencv2/tracking/twist.hpp
  -- Installing: C:/opencv-4.10.0/opencv_library/install/x64/vc17/lib/opencv_stereo4100d.lib
  -- Installing: C:/opencv-4.10.0/opencv_library/install/x64/vc17/bin/opencv_stereo4100d.dll
  -- Installing: C:/opencv-4.10.0/opencv_library/install/include/opencv2/stereo.hpp
  -- Installing: C:/opencv-4.10.0/opencv_library/install/include/opencv2/stereo/descriptor.hpp
  -- Installing: C:/opencv-4.10.0/opencv_library/install/include/opencv2/stereo/quasi_dense_stereo.hpp
  -- Installing: C:/opencv-4.10.0/opencv_library/install/include/opencv2/stereo/stereo.hpp
  -- Installing: C:/opencv-4.10.0/opencv_library/install/etc/haarcascades/haarcascade_eye.xml
  -- Installing: C:/opencv-4.10.0/opencv_library/install/etc/haarcascades/haarcascade_eye_tree_eyeglasses.xml
  -- Installing: C:/opencv-4.10.0/opencv_library/install/etc/haarcascades/haarcascade_frontalcatface.xml
  -- Installing: C:/opencv-4.10.0/opencv_library/install/etc/haarcascades/haarcascade_frontalcatface_extended.xml
  -- Installing: C:/opencv-4.10.0/opencv_library/install/etc/haarcascades/haarcascade_frontalface_alt.xml
  -- Installing: C:/opencv-4.10.0/opencv_library/install/etc/haarcascades/haarcascade_frontalface_alt2.xml
  -- Installing: C:/opencv-4.10.0/opencv_library/install/etc/haarcascades/haarcascade_frontalface_alt_tree.xml
  -- Installing: C:/opencv-4.10.0/opencv_library/install/etc/haarcascades/haarcascade_frontalface_default.xml
  -- Installing: C:/opencv-4.10.0/opencv_library/install/etc/haarcascades/haarcascade_fullbody.xml
  -- Installing: C:/opencv-4.10.0/opencv_library/install/etc/haarcascades/haarcascade_lefteye_2splits.xml
  -- Installing: C:/opencv-4.10.0/opencv_library/install/etc/haarcascades/haarcascade_license_plate_rus_16stages.xml
  -- Installing: C:/opencv-4.10.0/opencv_library/install/etc/haarcascades/haarcascade_lowerbody.xml
  -- Installing: C:/opencv-4.10.0/opencv_library/install/etc/haarcascades/haarcascade_profileface.xml
  -- Installing: C:/opencv-4.10.0/opencv_library/install/etc/haarcascades/haarcascade_righteye_2splits.xml
  -- Installing: C:/opencv-4.10.0/opencv_library/install/etc/haarcascades/haarcascade_russian_plate_number.xml
  -- Installing: C:/opencv-4.10.0/opencv_library/install/etc/haarcascades/haarcascade_smile.xml
  -- Installing: C:/opencv-4.10.0/opencv_library/install/etc/haarcascades/haarcascade_upperbody.xml
  -- Installing: C:/opencv-4.10.0/opencv_library/install/etc/lbpcascades/lbpcascade_frontalcatface.xml
  -- Installing: C:/opencv-4.10.0/opencv_library/install/etc/lbpcascades/lbpcascade_frontalface.xml
  -- Installing: C:/opencv-4.10.0/opencv_library/install/etc/lbpcascades/lbpcascade_frontalface_improved.xml
  -- Installing: C:/opencv-4.10.0/opencv_library/install/etc/lbpcascades/lbpcascade_profileface.xml
  -- Installing: C:/opencv-4.10.0/opencv_library/install/etc/lbpcascades/lbpcascade_silverware.xml
  -- Installing: C:/opencv-4.10.0/opencv_library/install/x64/vc17/bin/opencv_annotationd.exe
  -- Installing: C:/opencv-4.10.0/opencv_library/install/x64/vc17/bin/opencv_visualisationd.exe
  -- Installing: C:/opencv-4.10.0/opencv_library/install/x64/vc17/bin/opencv_interactive-calibrationd.exe
  -- Installing: C:/opencv-4.10.0/opencv_library/install/x64/vc17/bin/opencv_versiond.exe
  -- Installing: C:/opencv-4.10.0/opencv_library/install/x64/vc17/bin/opencv_version_win32d.exe
  -- Installing: C:/opencv-4.10.0/opencv_library/install/x64/vc17/bin/opencv_model_diagnosticsd.exe
